# JRE version: Java(TM) SE Runtime Environment (14.0.1+7) (build 14.0.1+7)
# Java VM: Java HotSpot(TM) 64-Bit Server VM (14.0.1+7, mixed mode, sharing, tiered, compressed oops, g1 gc, windows-amd64)
Heap:
 garbage-first heap   total 679936K, used 136190K [0x0000000742200000, 0x0000000800000000)
  region size 1024K, 3 young (3072K), 3 survivors (3072K)
 Metaspace       used 9009K, capacity 11207K, committed 11392K, reserved 1058816K
  class space    used 1251K, capacity 1550K, committed 1664K, reserved 1048576K
GC Heap History (20 events):
Event: 1.080 GC heap after
{Heap after GC invocations=10 (full 0):
 garbage-first heap   total 194560K, used 95344K [0x0000000742200000, 0x0000000800000000)
  region size 1024K, 3 young (3072K), 3 survivors (3072K)
 Metaspace       used 9009K, capacity 11207K, committed 11392K, reserved 1058816K
  class space    used 1251K, capacity 1550K, committed 1664K, reserved 1048576K
}
Event: 1.089 GC heap before
{Heap before GC invocations=11 (full 0):
 garbage-first heap   total 194560K, used 101488K [0x0000000742200000, 0x0000000800000000)
  region size 1024K, 4 young (4096K), 3 survivors (3072K)
 Metaspace       used 9009K, capacity 11207K, committed 11392K, reserved 1058816K
  class space    used 1251K, capacity 1550K, committed 1664K, reserved 1048576K
}
Event: 1.090 GC heap after
{Heap after GC invocations=12 (full 0):
 garbage-first heap   total 194560K, used 99440K [0x0000000742200000, 0x0000000800000000)
  region size 1024K, 3 young (3072K), 3 survivors (3072K)
 Metaspace       used 9009K, capacity 11207K, committed 11392K, reserved 1058816K
  class space    used 1251K, capacity 1550K, committed 1664K, reserved 1048576K
}
Event: 1.100 GC heap before
{Heap before GC invocations=13 (full 0):
 garbage-first heap   total 194560K, used 105584K [0x0000000742200000, 0x0000000800000000)
  region size 1024K, 4 young (4096K), 3 survivors (3072K)
 Metaspace       used 9009K, capacity 11207K, committed 11392K, reserved 1058816K
  class space    used 1251K, capacity 1550K, committed 1664K, reserved 1048576K
}
Event: 1.103 GC heap after
{Heap after GC invocations=14 (full 0):
 garbage-first heap   total 233472K, used 103479K [0x0000000742200000, 0x0000000800000000)
  region size 1024K, 3 young (3072K), 3 survivors (3072K)
 Metaspace       used 9009K, capacity 11207K, committed 11392K, reserved 1058816K
  class space    used 1251K, capacity 1550K, committed 1664K, reserved 1048576K
}
Event: 1.113 GC heap before
{Heap before GC invocations=15 (full 0):
 garbage-first heap   total 233472K, used 109623K [0x0000000742200000, 0x0000000800000000)
  region size 1024K, 4 young (4096K), 3 survivors (3072K)
 Metaspace       used 9009K, capacity 11207K, committed 11392K, reserved 1058816K
  class space    used 1251K, capacity 1550K, committed 1664K, reserved 1048576K
}
Event: 1.115 GC heap after
{Heap after GC invocations=16 (full 0):
 garbage-first heap   total 233472K, used 107633K [0x0000000742200000, 0x0000000800000000)
  region size 1024K, 3 young (3072K), 3 survivors (3072K)
 Metaspace       used 9009K, capacity 11207K, committed 11392K, reserved 1058816K
  class space    used 1251K, capacity 1550K, committed 1664K, reserved 1048576K
}
Event: 1.124 GC heap before
{Heap before GC invocations=17 (full 0):
 garbage-first heap   total 233472K, used 113777K [0x0000000742200000, 0x0000000800000000)
  region size 1024K, 4 young (4096K), 3 survivors (3072K)
 Metaspace       used 9009K, capacity 11207K, committed 11392K, reserved 1058816K
  class space    used 1251K, capacity 1550K, committed 1664K, reserved 1048576K
}
Event: 1.126 GC heap after
{Heap after GC invocations=18 (full 0):
 garbage-first heap   total 233472K, used 111671K [0x0000000742200000, 0x0000000800000000)
  region size 1024K, 3 young (3072K), 3 survivors (3072K)
 Metaspace       used 9009K, capacity 11207K, committed 11392K, reserved 1058816K
  class space    used 1251K, capacity 1550K, committed 1664K, reserved 1048576K
}
Event: 1.137 GC heap before
{Heap before GC invocations=19 (full 0):
 garbage-first heap   total 233472K, used 117815K [0x0000000742200000, 0x0000000800000000)
  region size 1024K, 4 young (4096K), 3 survivors (3072K)
 Metaspace       used 9009K, capacity 11207K, committed 11392K, reserved 1058816K
  class space    used 1251K, capacity 1550K, committed 1664K, reserved 1048576K
}
Event: 1.139 GC heap after
{Heap after GC invocations=20 (full 0):
 garbage-first heap   total 233472K, used 115710K [0x0000000742200000, 0x0000000800000000)
  region size 1024K, 3 young (3072K), 3 survivors (3072K)
 Metaspace       used 9009K, capacity 11207K, committed 11392K, reserved 1058816K
  class space    used 1251K, capacity 1550K, committed 1664K, reserved 1048576K
}
Event: 1.147 GC heap before
{Heap before GC invocations=21 (full 0):
 garbage-first heap   total 233472K, used 121854K [0x0000000742200000, 0x0000000800000000)
  region size 1024K, 4 young (4096K), 3 survivors (3072K)
 Metaspace       used 9009K, capacity 11207K, committed 11392K, reserved 1058816K
  class space    used 1251K, capacity 1550K, committed 1664K, reserved 1048576K
}
Event: 1.150 GC heap after
{Heap after GC invocations=22 (full 0):
 garbage-first heap   total 280576K, used 119864K [0x0000000742200000, 0x0000000800000000)
  region size 1024K, 3 young (3072K), 3 survivors (3072K)
 Metaspace       used 9009K, capacity 11207K, committed 11392K, reserved 1058816K
  class space    used 1251K, capacity 1550K, committed 1664K, reserved 1048576K
}
Event: 1.159 GC heap before
{Heap before GC invocations=23 (full 0):
 garbage-first heap   total 280576K, used 127032K [0x0000000742200000, 0x0000000800000000)
  region size 1024K, 4 young (4096K), 3 survivors (3072K)
 Metaspace       used 9009K, capacity 11207K, committed 11392K, reserved 1058816K
  class space    used 1251K, capacity 1550K, committed 1664K, reserved 1048576K
}
Event: 1.161 GC heap after
{Heap after GC invocations=24 (full 0):
 garbage-first heap   total 280576K, used 124984K [0x0000000742200000, 0x0000000800000000)
  region size 1024K, 3 young (3072K), 3 survivors (3072K)
 Metaspace       used 9009K, capacity 11207K, committed 11392K, reserved 1058816K
  class space    used 1251K, capacity 1550K, committed 1664K, reserved 1048576K
}
Event: 1.169 GC heap before
{Heap before GC invocations=25 (full 0):
 garbage-first heap   total 280576K, used 130104K [0x0000000742200000, 0x0000000800000000)
  region size 1024K, 4 young (4096K), 3 survivors (3072K)
 Metaspace       used 9009K, capacity 11207K, committed 11392K, reserved 1058816K
  class space    used 1251K, capacity 1550K, committed 1664K, reserved 1048576K
}
Event: 1.171 GC heap after
{Heap after GC invocations=26 (full 0):
 garbage-first heap   total 280576K, used 128056K [0x0000000742200000, 0x0000000800000000)
  region size 1024K, 3 young (3072K), 3 survivors (3072K)
 Metaspace       used 9009K, capacity 11207K, committed 11392K, reserved 1058816K
  class space    used 1251K, capacity 1550K, committed 1664K, reserved 1048576K
}
Event: 1.181 GC heap before
{Heap before GC invocations=27 (full 0):
 garbage-first heap   total 280576K, used 134200K [0x0000000742200000, 0x0000000800000000)
  region size 1024K, 4 young (4096K), 3 survivors (3072K)
 Metaspace       used 9009K, capacity 11207K, committed 11392K, reserved 1058816K
  class space    used 1251K, capacity 1550K, committed 1664K, reserved 1048576K
}
Event: 1.183 GC heap after
{Heap after GC invocations=28 (full 0):
 garbage-first heap   total 280576K, used 132152K [0x0000000742200000, 0x0000000800000000)
  region size 1024K, 3 young (3072K), 3 survivors (3072K)
 Metaspace       used 9009K, capacity 11207K, committed 11392K, reserved 1058816K
  class space    used 1251K, capacity 1550K, committed 1664K, reserved 1048576K
}
Event: 1.191 GC heap before
{Heap before GC invocations=29 (full 0):
 garbage-first heap   total 280576K, used 138296K [0x0000000742200000, 0x0000000800000000)
  region size 1024K, 4 young (4096K), 3 survivors (3072K)
 Metaspace       used 9009K, capacity 11207K, committed 11392K, reserved 1058816K
  class space    used 1251K, capacity 1550K, committed 1664K, reserved 1048576K
}

