# JRE version: Java(TM) SE Runtime Environment (14.0.1+7) (build 14.0.1+7)
# Java VM: Java HotSpot(TM) 64-Bit Server VM (14.0.1+7, mixed mode, sharing, tiered, compressed oops, g1 gc, windows-amd64)
Heap:
 garbage-first heap   total 463872K, used 126405K [0x0000000742200000, 0x0000000800000000)
  region size 1024K, 3 young (3072K), 3 survivors (3072K)
 Metaspace       used 9025K, capacity 11210K, committed 11392K, reserved 1058816K
  class space    used 1254K, capacity 1550K, committed 1664K, reserved 1048576K
GC Heap History (20 events):
Event: 1.048 GC heap after
{Heap after GC invocations=6 (full 0):
 garbage-first heap   total 194560K, used 86458K [0x0000000742200000, 0x0000000800000000)
  region size 1024K, 3 young (3072K), 3 survivors (3072K)
 Metaspace       used 9025K, capacity 11210K, committed 11392K, reserved 1058816K
  class space    used 1254K, capacity 1550K, committed 1664K, reserved 1048576K
}
Event: 1.055 GC heap before
{Heap before GC invocations=7 (full 0):
 garbage-first heap   total 194560K, used 91578K [0x0000000742200000, 0x0000000800000000)
  region size 1024K, 4 young (4096K), 3 survivors (3072K)
 Metaspace       used 9025K, capacity 11210K, committed 11392K, reserved 1058816K
  class space    used 1254K, capacity 1550K, committed 1664K, reserved 1048576K
}
Event: 1.057 GC heap after
{Heap after GC invocations=8 (full 0):
 garbage-first heap   total 194560K, used 89822K [0x0000000742200000, 0x0000000800000000)
  region size 1024K, 3 young (3072K), 3 survivors (3072K)
 Metaspace       used 9025K, capacity 11210K, committed 11392K, reserved 1058816K
  class space    used 1254K, capacity 1550K, committed 1664K, reserved 1048576K
}
Event: 1.064 GC heap before
{Heap before GC invocations=9 (full 0):
 garbage-first heap   total 194560K, used 95966K [0x0000000742200000, 0x0000000800000000)
  region size 1024K, 4 young (4096K), 3 survivors (3072K)
 Metaspace       used 9025K, capacity 11210K, committed 11392K, reserved 1058816K
  class space    used 1254K, capacity 1550K, committed 1664K, reserved 1048576K
}
Event: 1.065 GC heap after
{Heap after GC invocations=10 (full 0):
 garbage-first heap   total 194560K, used 93660K [0x0000000742200000, 0x0000000800000000)
  region size 1024K, 3 young (3072K), 3 survivors (3072K)
 Metaspace       used 9025K, capacity 11210K, committed 11392K, reserved 1058816K
  class space    used 1254K, capacity 1550K, committed 1664K, reserved 1048576K
}
Event: 1.074 GC heap before
{Heap before GC invocations=11 (full 0):
 garbage-first heap   total 194560K, used 99804K [0x0000000742200000, 0x0000000800000000)
  region size 1024K, 4 young (4096K), 3 survivors (3072K)
 Metaspace       used 9025K, capacity 11210K, committed 11392K, reserved 1058816K
  class space    used 1254K, capacity 1550K, committed 1664K, reserved 1048576K
}
Event: 1.075 GC heap after
{Heap after GC invocations=12 (full 0):
 garbage-first heap   total 194560K, used 97726K [0x0000000742200000, 0x0000000800000000)
  region size 1024K, 3 young (3072K), 3 survivors (3072K)
 Metaspace       used 9025K, capacity 11210K, committed 11392K, reserved 1058816K
  class space    used 1254K, capacity 1550K, committed 1664K, reserved 1048576K
}
Event: 1.083 GC heap before
{Heap before GC invocations=13 (full 0):
 garbage-first heap   total 194560K, used 103870K [0x0000000742200000, 0x0000000800000000)
  region size 1024K, 4 young (4096K), 3 survivors (3072K)
 Metaspace       used 9025K, capacity 11210K, committed 11392K, reserved 1058816K
  class space    used 1254K, capacity 1550K, committed 1664K, reserved 1048576K
}
Event: 1.085 GC heap after
{Heap after GC invocations=14 (full 0):
 garbage-first heap   total 194560K, used 101884K [0x0000000742200000, 0x0000000800000000)
  region size 1024K, 3 young (3072K), 3 survivors (3072K)
 Metaspace       used 9025K, capacity 11210K, committed 11392K, reserved 1058816K
  class space    used 1254K, capacity 1550K, committed 1664K, reserved 1048576K
}
Event: 1.094 GC heap before
{Heap before GC invocations=15 (full 0):
 garbage-first heap   total 194560K, used 108028K [0x0000000742200000, 0x0000000800000000)
  region size 1024K, 4 young (4096K), 3 survivors (3072K)
 Metaspace       used 9025K, capacity 11210K, committed 11392K, reserved 1058816K
  class space    used 1254K, capacity 1550K, committed 1664K, reserved 1048576K
}
Event: 1.096 GC heap after
{Heap after GC invocations=16 (full 0):
 garbage-first heap   total 194560K, used 105982K [0x0000000742200000, 0x0000000800000000)
  region size 1024K, 3 young (3072K), 3 survivors (3072K)
 Metaspace       used 9025K, capacity 11210K, committed 11392K, reserved 1058816K
  class space    used 1254K, capacity 1550K, committed 1664K, reserved 1048576K
}
Event: 1.105 GC heap before
{Heap before GC invocations=17 (full 0):
 garbage-first heap   total 194560K, used 112126K [0x0000000742200000, 0x0000000800000000)
  region size 1024K, 4 young (4096K), 3 survivors (3072K)
 Metaspace       used 9025K, capacity 11210K, committed 11392K, reserved 1058816K
  class space    used 1254K, capacity 1550K, committed 1664K, reserved 1048576K
}
Event: 1.107 GC heap after
{Heap after GC invocations=18 (full 0):
 garbage-first heap   total 233472K, used 110021K [0x0000000742200000, 0x0000000800000000)
  region size 1024K, 3 young (3072K), 3 survivors (3072K)
 Metaspace       used 9025K, capacity 11210K, committed 11392K, reserved 1058816K
  class space    used 1254K, capacity 1550K, committed 1664K, reserved 1048576K
}
Event: 1.116 GC heap before
{Heap before GC invocations=19 (full 0):
 garbage-first heap   total 233472K, used 116165K [0x0000000742200000, 0x0000000800000000)
  region size 1024K, 4 young (4096K), 3 survivors (3072K)
 Metaspace       used 9025K, capacity 11210K, committed 11392K, reserved 1058816K
  class space    used 1254K, capacity 1550K, committed 1664K, reserved 1048576K
}
Event: 1.119 GC heap after
{Heap after GC invocations=20 (full 0):
 garbage-first heap   total 233472K, used 114232K [0x0000000742200000, 0x0000000800000000)
  region size 1024K, 3 young (3072K), 3 survivors (3072K)
 Metaspace       used 9025K, capacity 11210K, committed 11392K, reserved 1058816K
  class space    used 1254K, capacity 1550K, committed 1664K, reserved 1048576K
}
Event: 1.126 GC heap before
{Heap before GC invocations=21 (full 0):
 garbage-first heap   total 233472K, used 120376K [0x0000000742200000, 0x0000000800000000)
  region size 1024K, 4 young (4096K), 3 survivors (3072K)
 Metaspace       used 9025K, capacity 11210K, committed 11392K, reserved 1058816K
  class space    used 1254K, capacity 1550K, committed 1664K, reserved 1048576K
}
Event: 1.128 GC heap after
{Heap after GC invocations=22 (full 0):
 garbage-first heap   total 233472K, used 118213K [0x0000000742200000, 0x0000000800000000)
  region size 1024K, 3 young (3072K), 3 survivors (3072K)
 Metaspace       used 9025K, capacity 11210K, committed 11392K, reserved 1058816K
  class space    used 1254K, capacity 1550K, committed 1664K, reserved 1048576K
}
Event: 1.136 GC heap before
{Heap before GC invocations=23 (full 0):
 garbage-first heap   total 233472K, used 124357K [0x0000000742200000, 0x0000000800000000)
  region size 1024K, 4 young (4096K), 3 survivors (3072K)
 Metaspace       used 9025K, capacity 11210K, committed 11392K, reserved 1058816K
  class space    used 1254K, capacity 1550K, committed 1664K, reserved 1048576K
}
Event: 1.137 GC heap after
{Heap after GC invocations=24 (full 0):
 garbage-first heap   total 233472K, used 122367K [0x0000000742200000, 0x0000000800000000)
  region size 1024K, 3 young (3072K), 3 survivors (3072K)
 Metaspace       used 9025K, capacity 11210K, committed 11392K, reserved 1058816K
  class space    used 1254K, capacity 1550K, committed 1664K, reserved 1048576K
}
Event: 1.145 GC heap before
{Heap before GC invocations=25 (full 0):
 garbage-first heap   total 233472K, used 128511K [0x0000000742200000, 0x0000000800000000)
  region size 1024K, 4 young (4096K), 3 survivors (3072K)
 Metaspace       used 9025K, capacity 11210K, committed 11392K, reserved 1058816K
  class space    used 1254K, capacity 1550K, committed 1664K, reserved 1048576K
}

