# JRE version: Java(TM) SE Runtime Environment (14.0.1+7) (build 14.0.1+7)
# Java VM: Java HotSpot(TM) 64-Bit Server VM (14.0.1+7, mixed mode, sharing, tiered, compressed oops, g1 gc, windows-amd64)
Heap:
 garbage-first heap   total 653312K, used 136312K [0x0000000742200000, 0x0000000800000000)
  region size 1024K, 3 young (3072K), 3 survivors (3072K)
 Metaspace       used 9019K, capacity 11210K, committed 11392K, reserved 1058816K
  class space    used 1254K, capacity 1550K, committed 1664K, reserved 1048576K
GC Heap History (20 events):
Event: 1.059 GC heap after
{Heap after GC invocations=10 (full 0):
 garbage-first heap   total 194560K, used 95119K [0x0000000742200000, 0x0000000800000000)
  region size 1024K, 3 young (3072K), 3 survivors (3072K)
 Metaspace       used 9019K, capacity 11210K, committed 11392K, reserved 1058816K
  class space    used 1254K, capacity 1550K, committed 1664K, reserved 1048576K
}
Event: 1.065 GC heap before
{Heap before GC invocations=11 (full 0):
 garbage-first heap   total 194560K, used 101263K [0x0000000742200000, 0x0000000800000000)
  region size 1024K, 4 young (4096K), 3 survivors (3072K)
 Metaspace       used 9019K, capacity 11210K, committed 11392K, reserved 1058816K
  class space    used 1254K, capacity 1550K, committed 1664K, reserved 1048576K
}
Event: 1.067 GC heap after
{Heap after GC invocations=12 (full 0):
 garbage-first heap   total 194560K, used 99504K [0x0000000742200000, 0x0000000800000000)
  region size 1024K, 3 young (3072K), 3 survivors (3072K)
 Metaspace       used 9019K, capacity 11210K, committed 11392K, reserved 1058816K
  class space    used 1254K, capacity 1550K, committed 1664K, reserved 1048576K
}
Event: 1.075 GC heap before
{Heap before GC invocations=13 (full 0):
 garbage-first heap   total 194560K, used 105648K [0x0000000742200000, 0x0000000800000000)
  region size 1024K, 4 young (4096K), 3 survivors (3072K)
 Metaspace       used 9019K, capacity 11210K, committed 11392K, reserved 1058816K
  class space    used 1254K, capacity 1550K, committed 1664K, reserved 1048576K
}
Event: 1.077 GC heap after
{Heap after GC invocations=14 (full 0):
 garbage-first heap   total 233472K, used 103453K [0x0000000742200000, 0x0000000800000000)
  region size 1024K, 3 young (3072K), 3 survivors (3072K)
 Metaspace       used 9019K, capacity 11210K, committed 11392K, reserved 1058816K
  class space    used 1254K, capacity 1550K, committed 1664K, reserved 1048576K
}
Event: 1.085 GC heap before
{Heap before GC invocations=15 (full 0):
 garbage-first heap   total 233472K, used 109597K [0x0000000742200000, 0x0000000800000000)
  region size 1024K, 4 young (4096K), 3 survivors (3072K)
 Metaspace       used 9019K, capacity 11210K, committed 11392K, reserved 1058816K
  class space    used 1254K, capacity 1550K, committed 1664K, reserved 1048576K
}
Event: 1.087 GC heap after
{Heap after GC invocations=16 (full 0):
 garbage-first heap   total 233472K, used 107504K [0x0000000742200000, 0x0000000800000000)
  region size 1024K, 3 young (3072K), 3 survivors (3072K)
 Metaspace       used 9019K, capacity 11210K, committed 11392K, reserved 1058816K
  class space    used 1254K, capacity 1550K, committed 1664K, reserved 1048576K
}
Event: 1.095 GC heap before
{Heap before GC invocations=17 (full 0):
 garbage-first heap   total 233472K, used 113648K [0x0000000742200000, 0x0000000800000000)
  region size 1024K, 4 young (4096K), 3 survivors (3072K)
 Metaspace       used 9019K, capacity 11210K, committed 11392K, reserved 1058816K
  class space    used 1254K, capacity 1550K, committed 1664K, reserved 1048576K
}
Event: 1.097 GC heap after
{Heap after GC invocations=18 (full 0):
 garbage-first heap   total 233472K, used 111844K [0x0000000742200000, 0x0000000800000000)
  region size 1024K, 3 young (3072K), 3 survivors (3072K)
 Metaspace       used 9019K, capacity 11210K, committed 11392K, reserved 1058816K
  class space    used 1254K, capacity 1550K, committed 1664K, reserved 1048576K
}
Event: 1.104 GC heap before
{Heap before GC invocations=19 (full 0):
 garbage-first heap   total 233472K, used 117988K [0x0000000742200000, 0x0000000800000000)
  region size 1024K, 4 young (4096K), 3 survivors (3072K)
 Metaspace       used 9019K, capacity 11210K, committed 11392K, reserved 1058816K
  class space    used 1254K, capacity 1550K, committed 1664K, reserved 1048576K
}
Event: 1.106 GC heap after
{Heap after GC invocations=20 (full 0):
 garbage-first heap   total 233472K, used 115830K [0x0000000742200000, 0x0000000800000000)
  region size 1024K, 3 young (3072K), 3 survivors (3072K)
 Metaspace       used 9019K, capacity 11210K, committed 11392K, reserved 1058816K
  class space    used 1254K, capacity 1550K, committed 1664K, reserved 1048576K
}
Event: 1.114 GC heap before
{Heap before GC invocations=21 (full 0):
 garbage-first heap   total 233472K, used 121974K [0x0000000742200000, 0x0000000800000000)
  region size 1024K, 4 young (4096K), 3 survivors (3072K)
 Metaspace       used 9019K, capacity 11210K, committed 11392K, reserved 1058816K
  class space    used 1254K, capacity 1550K, committed 1664K, reserved 1048576K
}
Event: 1.116 GC heap after
{Heap after GC invocations=22 (full 0):
 garbage-first heap   total 280576K, used 119727K [0x0000000742200000, 0x0000000800000000)
  region size 1024K, 3 young (3072K), 3 survivors (3072K)
 Metaspace       used 9019K, capacity 11210K, committed 11392K, reserved 1058816K
  class space    used 1254K, capacity 1550K, committed 1664K, reserved 1048576K
}
Event: 1.125 GC heap before
{Heap before GC invocations=23 (full 0):
 garbage-first heap   total 280576K, used 126895K [0x0000000742200000, 0x0000000800000000)
  region size 1024K, 4 young (4096K), 3 survivors (3072K)
 Metaspace       used 9019K, capacity 11210K, committed 11392K, reserved 1058816K
  class space    used 1254K, capacity 1550K, committed 1664K, reserved 1048576K
}
Event: 1.127 GC heap after
{Heap after GC invocations=24 (full 0):
 garbage-first heap   total 280576K, used 125094K [0x0000000742200000, 0x0000000800000000)
  region size 1024K, 3 young (3072K), 3 survivors (3072K)
 Metaspace       used 9019K, capacity 11210K, committed 11392K, reserved 1058816K
  class space    used 1254K, capacity 1550K, committed 1664K, reserved 1048576K
}
Event: 1.133 GC heap before
{Heap before GC invocations=25 (full 0):
 garbage-first heap   total 280576K, used 130214K [0x0000000742200000, 0x0000000800000000)
  region size 1024K, 4 young (4096K), 3 survivors (3072K)
 Metaspace       used 9019K, capacity 11210K, committed 11392K, reserved 1058816K
  class space    used 1254K, capacity 1550K, committed 1664K, reserved 1048576K
}
Event: 1.135 GC heap after
{Heap after GC invocations=26 (full 0):
 garbage-first heap   total 280576K, used 127973K [0x0000000742200000, 0x0000000800000000)
  region size 1024K, 3 young (3072K), 3 survivors (3072K)
 Metaspace       used 9019K, capacity 11210K, committed 11392K, reserved 1058816K
  class space    used 1254K, capacity 1550K, committed 1664K, reserved 1048576K
}
Event: 1.143 GC heap before
{Heap before GC invocations=27 (full 0):
 garbage-first heap   total 280576K, used 134117K [0x0000000742200000, 0x0000000800000000)
  region size 1024K, 4 young (4096K), 3 survivors (3072K)
 Metaspace       used 9019K, capacity 11210K, committed 11392K, reserved 1058816K
  class space    used 1254K, capacity 1550K, committed 1664K, reserved 1048576K
}
Event: 1.146 GC heap after
{Heap after GC invocations=28 (full 0):
 garbage-first heap   total 280576K, used 132039K [0x0000000742200000, 0x0000000800000000)
  region size 1024K, 3 young (3072K), 3 survivors (3072K)
 Metaspace       used 9019K, capacity 11210K, committed 11392K, reserved 1058816K
  class space    used 1254K, capacity 1550K, committed 1664K, reserved 1048576K
}
Event: 1.155 GC heap before
{Heap before GC invocations=29 (full 0):
 garbage-first heap   total 280576K, used 138183K [0x0000000742200000, 0x0000000800000000)
  region size 1024K, 4 young (4096K), 3 survivors (3072K)
 Metaspace       used 9019K, capacity 11210K, committed 11392K, reserved 1058816K
  class space    used 1254K, capacity 1550K, committed 1664K, reserved 1048576K
}

